p:\certifications\truecoders\streamrecord_june2022b\streamrecord\streamrecord\x64\release\streamrecord.pch
p:\certifications\truecoders\streamrecord_june2022b\streamrecord\streamrecord\x64\release\vc143.pdb
p:\certifications\truecoders\streamrecord_june2022b\streamrecord\streamrecord\x64\release\pch.obj
p:\certifications\truecoders\streamrecord_june2022b\streamrecord\streamrecord\x64\release\streamrecorddlg.obj
p:\certifications\truecoders\streamrecord_june2022b\streamrecord\streamrecord\x64\release\streamrecord.obj
p:\certifications\truecoders\streamrecord_june2022b\streamrecord\streamrecord\x64\release\streaminstance.obj
p:\certifications\truecoders\streamrecord_june2022b\streamrecord\streamrecord\x64\release\stopdlg.obj
p:\certifications\truecoders\streamrecord_june2022b\streamrecord\streamrecord\x64\release\stdafx.obj
p:\certifications\truecoders\streamrecord_june2022b\streamrecord\streamrecord\x64\release\scheduledlg.obj
p:\certifications\truecoders\streamrecord_june2022b\streamrecord\streamrecord\x64\release\recordmountpointdlg.obj
p:\certifications\truecoders\streamrecord_june2022b\streamrecord\streamrecord\x64\release\parseserver.obj
p:\certifications\truecoders\streamrecord_june2022b\streamrecord\streamrecord\x64\release\parse.obj
p:\certifications\truecoders\streamrecord_june2022b\streamrecord\streamrecord\x64\release\mountpointdlg.obj
p:\certifications\truecoders\streamrecord_june2022b\streamrecord\streamrecord\x64\release\logger.obj
p:\certifications\truecoders\streamrecord_june2022b\streamrecord\streamrecord\x64\release\loadpref.obj
p:\certifications\truecoders\streamrecord_june2022b\streamrecord\streamrecord\x64\release\ircsettingsdlg.obj
p:\certifications\truecoders\streamrecord_june2022b\streamrecord\streamrecord\x64\release\ircchatdlg.obj
p:\certifications\truecoders\streamrecord_june2022b\streamrecord\streamrecord\x64\release\ircbotmfc.obj
p:\certifications\truecoders\streamrecord_june2022b\streamrecord\streamrecord\x64\release\databasesettingsdlg.obj
p:\certifications\truecoders\streamrecord_june2022b\streamrecord\streamrecord\x64\release\database.obj
p:\certifications\truecoders\streamrecord_june2022b\streamrecord\streamrecord\x64\release\crecordsession.obj
p:\certifications\truecoders\streamrecord_june2022b\streamrecord\streamrecord\x64\release\cdatabasesettingsdlg.obj
p:\certifications\truecoders\streamrecord_june2022b\streamrecord\streamrecord\x64\release\activationdlg.obj
p:\certifications\truecoders\streamrecord_june2022b\streamrecord\streamrecord\x64\release\viewscheduledlg.obj
p:\certifications\truecoders\streamrecord_june2022b\streamrecord\streamrecord\x64\release\systray.obj
p:\certifications\truecoders\streamrecord_june2022b\streamrecord\x64\release\streamrecord.exe
p:\certifications\truecoders\streamrecord_june2022b\streamrecord\streamrecord\x64\release\streamrecord.ipdb
p:\certifications\truecoders\streamrecord_june2022b\streamrecord\x64\release\streamrecord.pdb
p:\certifications\truecoders\streamrecord_june2022b\streamrecord\streamrecord\x64\release\streamrecord.iobj
p:\certifications\truecoders\streamrecord_june2022b\streamrecord\streamrecord\x64\release\streamrecord.res
p:\certifications\truecoders\streamrecord_june2022b\streamrecord\streamrecord\x64\release\streamrecord.tlog\cl.command.1.tlog
p:\certifications\truecoders\streamrecord_june2022b\streamrecord\streamrecord\x64\release\streamrecord.tlog\cl.read.1.tlog
p:\certifications\truecoders\streamrecord_june2022b\streamrecord\streamrecord\x64\release\streamrecord.tlog\cl.write.1.tlog
p:\certifications\truecoders\streamrecord_june2022b\streamrecord\streamrecord\x64\release\streamrecord.tlog\link.command.1.tlog
p:\certifications\truecoders\streamrecord_june2022b\streamrecord\streamrecord\x64\release\streamrecord.tlog\link.read.1.tlog
p:\certifications\truecoders\streamrecord_june2022b\streamrecord\streamrecord\x64\release\streamrecord.tlog\link.write.1.tlog
p:\certifications\truecoders\streamrecord_june2022b\streamrecord\streamrecord\x64\release\streamrecord.tlog\rc.command.1.tlog
p:\certifications\truecoders\streamrecord_june2022b\streamrecord\streamrecord\x64\release\streamrecord.tlog\rc.read.1.tlog
p:\certifications\truecoders\streamrecord_june2022b\streamrecord\streamrecord\x64\release\streamrecord.tlog\rc.write.1.tlog
